{"C:\\Users\\Peete\\OneDrive\\Documenten\\Eindwerk_Development\\api\\src\\utils\\helpers.js": {"path":"C:\\Users\\Peete\\OneDrive\\Documenten\\Eindwerk_Development\\api\\src\\utils\\helpers.js","statementMap":{"0":{"start":{"line":1,"column":16},"end":{"line":14,"column":5}},"1":{"start":{"line":3,"column":8},"end":{"line":11,"column":9}},"2":{"start":{"line":4,"column":8},"end":{"line":10,"column":1}},"3":{"start":{"line":5,"column":8},"end":{"line":9,"column":5}},"4":{"start":{"line":6,"column":8},"end":{"line":8,"column":5}},"5":{"start":{"line":7,"column":6},"end":{"line":7,"column":24}},"6":{"start":{"line":12,"column":8},"end":{"line":12,"column":20}},"7":{"start":{"line":16,"column":0},"end":{"line":16,"column":24}}},"fnMap":{"0":{"name":"(anonymous_0)","decl":{"start":{"line":2,"column":21},"end":{"line":2,"column":22}},"loc":{"start":{"line":2,"column":38},"end":{"line":13,"column":7}},"line":2}},"branchMap":{"0":{"loc":{"start":{"line":3,"column":8},"end":{"line":11,"column":9}},"type":"if","locations":[{"start":{"line":3,"column":8},"end":{"line":11,"column":9}},{"start":{"line":3,"column":8},"end":{"line":11,"column":9}}],"line":3},"1":{"loc":{"start":{"line":4,"column":8},"end":{"line":10,"column":1}},"type":"if","locations":[{"start":{"line":4,"column":8},"end":{"line":10,"column":1}},{"start":{"line":4,"column":8},"end":{"line":10,"column":1}}],"line":4},"2":{"loc":{"start":{"line":5,"column":8},"end":{"line":9,"column":5}},"type":"if","locations":[{"start":{"line":5,"column":8},"end":{"line":9,"column":5}},{"start":{"line":5,"column":8},"end":{"line":9,"column":5}}],"line":5},"3":{"loc":{"start":{"line":6,"column":8},"end":{"line":8,"column":5}},"type":"if","locations":[{"start":{"line":6,"column":8},"end":{"line":8,"column":5}},{"start":{"line":6,"column":8},"end":{"line":8,"column":5}}],"line":6}},"s":{"0":1,"1":9,"2":4,"3":3,"4":2,"5":1,"6":8,"7":1},"f":{"0":9},"b":{"0":[4,5],"1":[3,1],"2":[2,1],"3":[1,1]},"_coverageSchema":"1a1c01bbd47fc00a2c39e90264f33305004495a9","hash":"d8a63da14cb5a829c1c08d0cee3a5325e48bafff"}
}
