{"C:\\Users\\Peete\\OneDrive\\Documenten\\Eindwerk_Development\\api\\html\\contact.js": {"path":"C:\\Users\\Peete\\OneDrive\\Documenten\\Eindwerk_Development\\api\\html\\contact.js","statementMap":{},"fnMap":{},"branchMap":{},"s":{},"f":{},"b":{},"_coverageSchema":"1a1c01bbd47fc00a2c39e90264f33305004495a9","hash":"4018951e7e4ba5dc34ca9cb2323fa85a5e1834b0"}
,"C:\\Users\\Peete\\OneDrive\\Documenten\\Eindwerk_Development\\api\\src\\server.js": {"path":"C:\\Users\\Peete\\OneDrive\\Documenten\\Eindwerk_Development\\api\\src\\server.js","statementMap":{"0":{"start":{"line":2,"column":16},"end":{"line":2,"column":34}},"1":{"start":{"line":3,"column":19},"end":{"line":3,"column":41}},"2":{"start":{"line":4,"column":13},"end":{"line":4,"column":28}},"3":{"start":{"line":5,"column":17},"end":{"line":5,"column":30}},"4":{"start":{"line":7,"column":13},"end":{"line":7,"column":17}},"5":{"start":{"line":9,"column":13},"end":{"line":14,"column":4}},"6":{"start":{"line":16,"column":17},"end":{"line":22,"column":4}},"7":{"start":{"line":24,"column":14},"end":{"line":24,"column":23}},"8":{"start":{"line":25,"column":0},"end":{"line":25,"column":17}},"9":{"start":{"line":28,"column":0},"end":{"line":28,"column":27}},"10":{"start":{"line":29,"column":0},"end":{"line":34,"column":2}},"11":{"start":{"line":36,"column":0},"end":{"line":39,"column":3}},"12":{"start":{"line":37,"column":2},"end":{"line":37,"column":22}},"13":{"start":{"line":38,"column":2},"end":{"line":38,"column":25}},"14":{"start":{"line":42,"column":2},"end":{"line":62,"column":5}},"15":{"start":{"line":43,"column":4},"end":{"line":61,"column":5}},"16":{"start":{"line":44,"column":6},"end":{"line":59,"column":11}},"17":{"start":{"line":46,"column":10},"end":{"line":46,"column":29}},"18":{"start":{"line":47,"column":10},"end":{"line":47,"column":41}},"19":{"start":{"line":48,"column":10},"end":{"line":48,"column":35}},"20":{"start":{"line":49,"column":10},"end":{"line":49,"column":37}},"21":{"start":{"line":50,"column":10},"end":{"line":50,"column":32}},"22":{"start":{"line":51,"column":10},"end":{"line":51,"column":34}},"23":{"start":{"line":52,"column":10},"end":{"line":52,"column":39}},"24":{"start":{"line":55,"column":10},"end":{"line":55,"column":46}},"25":{"start":{"line":56,"column":11},"end":{"line":58,"column":11}},"26":{"start":{"line":56,"column":24},"end":{"line":56,"column":25}},"27":{"start":{"line":57,"column":12},"end":{"line":57,"column":135}},"28":{"start":{"line":63,"column":2},"end":{"line":76,"column":5}},"29":{"start":{"line":64,"column":4},"end":{"line":75,"column":5}},"30":{"start":{"line":65,"column":6},"end":{"line":74,"column":11}},"31":{"start":{"line":67,"column":10},"end":{"line":67,"column":29}},"32":{"start":{"line":68,"column":10},"end":{"line":68,"column":41}},"33":{"start":{"line":69,"column":10},"end":{"line":69,"column":34}},"34":{"start":{"line":70,"column":10},"end":{"line":70,"column":39}},"35":{"start":{"line":73,"column":10},"end":{"line":73,"column":49}},"36":{"start":{"line":79,"column":0},"end":{"line":87,"column":2}},"37":{"start":{"line":80,"column":17},"end":{"line":82,"column":19}},"38":{"start":{"line":83,"column":4},"end":{"line":83,"column":77}},"39":{"start":{"line":84,"column":2},"end":{"line":86,"column":4}},"40":{"start":{"line":89,"column":0},"end":{"line":98,"column":2}},"41":{"start":{"line":90,"column":17},"end":{"line":93,"column":32}},"42":{"start":{"line":94,"column":4},"end":{"line":94,"column":88}},"43":{"start":{"line":95,"column":2},"end":{"line":97,"column":4}},"44":{"start":{"line":122,"column":0},"end":{"line":137,"column":2}},"45":{"start":{"line":124,"column":65},"end":{"line":124,"column":73}},"46":{"start":{"line":126,"column":3},"end":{"line":136,"column":3}},"47":{"start":{"line":130,"column":6},"end":{"line":132,"column":7}},"48":{"start":{"line":131,"column":8},"end":{"line":131,"column":19}},"49":{"start":{"line":133,"column":6},"end":{"line":133,"column":72}},"50":{"start":{"line":134,"column":6},"end":{"line":134,"column":78}},"51":{"start":{"line":139,"column":0},"end":{"line":152,"column":3}},"52":{"start":{"line":141,"column":2},"end":{"line":151,"column":2}},"53":{"start":{"line":145,"column":5},"end":{"line":147,"column":6}},"54":{"start":{"line":146,"column":7},"end":{"line":146,"column":18}},"55":{"start":{"line":148,"column":5},"end":{"line":148,"column":57}},"56":{"start":{"line":149,"column":5},"end":{"line":149,"column":77}},"57":{"start":{"line":154,"column":0},"end":{"line":166,"column":3}},"58":{"start":{"line":155,"column":2},"end":{"line":165,"column":3}},"59":{"start":{"line":159,"column":6},"end":{"line":161,"column":7}},"60":{"start":{"line":160,"column":8},"end":{"line":160,"column":19}},"61":{"start":{"line":162,"column":6},"end":{"line":162,"column":58}},"62":{"start":{"line":163,"column":6},"end":{"line":163,"column":78}},"63":{"start":{"line":168,"column":0},"end":{"line":168,"column":18}},"64":{"start":{"line":170,"column":0},"end":{"line":170,"column":21}}},"fnMap":{"0":{"name":"(anonymous_0)","decl":{"start":{"line":36,"column":17},"end":{"line":36,"column":18}},"loc":{"start":{"line":36,"column":31},"end":{"line":39,"column":1}},"line":36},"1":{"name":"initialiseTables","decl":{"start":{"line":41,"column":15},"end":{"line":41,"column":31}},"loc":{"start":{"line":41,"column":34},"end":{"line":77,"column":1}},"line":41},"2":{"name":"(anonymous_2)","decl":{"start":{"line":42,"column":42},"end":{"line":42,"column":43}},"loc":{"start":{"line":42,"column":60},"end":{"line":62,"column":3}},"line":42},"3":{"name":"(anonymous_3)","decl":{"start":{"line":45,"column":31},"end":{"line":45,"column":32}},"loc":{"start":{"line":45,"column":42},"end":{"line":53,"column":9}},"line":45},"4":{"name":"(anonymous_4)","decl":{"start":{"line":54,"column":14},"end":{"line":54,"column":15}},"loc":{"start":{"line":54,"column":26},"end":{"line":59,"column":9}},"line":54},"5":{"name":"(anonymous_5)","decl":{"start":{"line":63,"column":45},"end":{"line":63,"column":46}},"loc":{"start":{"line":63,"column":63},"end":{"line":76,"column":3}},"line":63},"6":{"name":"(anonymous_6)","decl":{"start":{"line":66,"column":34},"end":{"line":66,"column":35}},"loc":{"start":{"line":66,"column":45},"end":{"line":71,"column":9}},"line":66},"7":{"name":"(anonymous_7)","decl":{"start":{"line":72,"column":14},"end":{"line":72,"column":15}},"loc":{"start":{"line":72,"column":26},"end":{"line":74,"column":9}},"line":72},"8":{"name":"(anonymous_8)","decl":{"start":{"line":79,"column":28},"end":{"line":79,"column":29}},"loc":{"start":{"line":79,"column":48},"end":{"line":87,"column":1}},"line":79},"9":{"name":"(anonymous_9)","decl":{"start":{"line":89,"column":20},"end":{"line":89,"column":21}},"loc":{"start":{"line":89,"column":40},"end":{"line":98,"column":1}},"line":89},"10":{"name":"(anonymous_10)","decl":{"start":{"line":122,"column":28},"end":{"line":122,"column":29}},"loc":{"start":{"line":122,"column":48},"end":{"line":137,"column":1}},"line":122},"11":{"name":"(anonymous_11)","decl":{"start":{"line":129,"column":4},"end":{"line":129,"column":5}},"loc":{"start":{"line":129,"column":15},"end":{"line":135,"column":2}},"line":129},"12":{"name":"(anonymous_12)","decl":{"start":{"line":139,"column":26},"end":{"line":139,"column":27}},"loc":{"start":{"line":139,"column":46},"end":{"line":152,"column":1}},"line":139},"13":{"name":"(anonymous_13)","decl":{"start":{"line":144,"column":3},"end":{"line":144,"column":4}},"loc":{"start":{"line":144,"column":14},"end":{"line":150,"column":4}},"line":144},"14":{"name":"(anonymous_14)","decl":{"start":{"line":154,"column":25},"end":{"line":154,"column":26}},"loc":{"start":{"line":154,"column":39},"end":{"line":166,"column":1}},"line":154},"15":{"name":"(anonymous_15)","decl":{"start":{"line":158,"column":4},"end":{"line":158,"column":5}},"loc":{"start":{"line":158,"column":15},"end":{"line":164,"column":5}},"line":158}},"branchMap":{"0":{"loc":{"start":{"line":13,"column":16},"end":{"line":13,"column":134}},"type":"cond-expr","locations":[{"start":{"line":13,"column":51},"end":{"line":13,"column":83}},{"start":{"line":13,"column":86},"end":{"line":13,"column":134}}],"line":13},"1":{"loc":{"start":{"line":43,"column":4},"end":{"line":61,"column":5}},"type":"if","locations":[{"start":{"line":43,"column":4},"end":{"line":61,"column":5}},{"start":{"line":43,"column":4},"end":{"line":61,"column":5}}],"line":43},"2":{"loc":{"start":{"line":64,"column":4},"end":{"line":75,"column":5}},"type":"if","locations":[{"start":{"line":64,"column":4},"end":{"line":75,"column":5}},{"start":{"line":64,"column":4},"end":{"line":75,"column":5}}],"line":64},"3":{"loc":{"start":{"line":130,"column":6},"end":{"line":132,"column":7}},"type":"if","locations":[{"start":{"line":130,"column":6},"end":{"line":132,"column":7}},{"start":{"line":130,"column":6},"end":{"line":132,"column":7}}],"line":130},"4":{"loc":{"start":{"line":145,"column":5},"end":{"line":147,"column":6}},"type":"if","locations":[{"start":{"line":145,"column":5},"end":{"line":147,"column":6}},{"start":{"line":145,"column":5},"end":{"line":147,"column":6}}],"line":145},"5":{"loc":{"start":{"line":159,"column":6},"end":{"line":161,"column":7}},"type":"if","locations":[{"start":{"line":159,"column":6},"end":{"line":161,"column":7}},{"start":{"line":159,"column":6},"end":{"line":161,"column":7}}],"line":159}},"s":{"0":1,"1":1,"2":1,"3":1,"4":1,"5":1,"6":1,"7":1,"8":1,"9":1,"10":1,"11":1,"12":0,"13":0,"14":1,"15":1,"16":0,"17":0,"18":0,"19":0,"20":0,"21":0,"22":0,"23":0,"24":0,"25":0,"26":0,"27":0,"28":1,"29":1,"30":0,"31":0,"32":0,"33":0,"34":0,"35":0,"36":1,"37":2,"38":2,"39":2,"40":1,"41":0,"42":0,"43":0,"44":1,"45":1,"46":1,"47":1,"48":0,"49":1,"50":1,"51":1,"52":1,"53":1,"54":0,"55":1,"56":1,"57":1,"58":1,"59":1,"60":0,"61":1,"62":1,"63":1,"64":1},"f":{"0":0,"1":1,"2":1,"3":0,"4":0,"5":1,"6":0,"7":0,"8":2,"9":0,"10":1,"11":1,"12":1,"13":1,"14":1,"15":1},"b":{"0":[0,1],"1":[0,1],"2":[0,1],"3":[0,1],"4":[0,1],"5":[0,1]},"_coverageSchema":"1a1c01bbd47fc00a2c39e90264f33305004495a9","hash":"70ece3d751715818f7903c3ee19e8c8220369654"}
,"C:\\Users\\Peete\\OneDrive\\Documenten\\Eindwerk_Development\\api\\src\\utils\\helpers.js": {"path":"C:\\Users\\Peete\\OneDrive\\Documenten\\Eindwerk_Development\\api\\src\\utils\\helpers.js","statementMap":{"0":{"start":{"line":1,"column":16},"end":{"line":14,"column":5}},"1":{"start":{"line":3,"column":8},"end":{"line":11,"column":9}},"2":{"start":{"line":4,"column":8},"end":{"line":10,"column":1}},"3":{"start":{"line":5,"column":8},"end":{"line":9,"column":5}},"4":{"start":{"line":6,"column":8},"end":{"line":8,"column":5}},"5":{"start":{"line":7,"column":6},"end":{"line":7,"column":24}},"6":{"start":{"line":12,"column":8},"end":{"line":12,"column":20}},"7":{"start":{"line":16,"column":0},"end":{"line":16,"column":24}}},"fnMap":{"0":{"name":"(anonymous_0)","decl":{"start":{"line":2,"column":21},"end":{"line":2,"column":22}},"loc":{"start":{"line":2,"column":38},"end":{"line":13,"column":7}},"line":2}},"branchMap":{"0":{"loc":{"start":{"line":3,"column":8},"end":{"line":11,"column":9}},"type":"if","locations":[{"start":{"line":3,"column":8},"end":{"line":11,"column":9}},{"start":{"line":3,"column":8},"end":{"line":11,"column":9}}],"line":3},"1":{"loc":{"start":{"line":4,"column":8},"end":{"line":10,"column":1}},"type":"if","locations":[{"start":{"line":4,"column":8},"end":{"line":10,"column":1}},{"start":{"line":4,"column":8},"end":{"line":10,"column":1}}],"line":4},"2":{"loc":{"start":{"line":5,"column":8},"end":{"line":9,"column":5}},"type":"if","locations":[{"start":{"line":5,"column":8},"end":{"line":9,"column":5}},{"start":{"line":5,"column":8},"end":{"line":9,"column":5}}],"line":5},"3":{"loc":{"start":{"line":6,"column":8},"end":{"line":8,"column":5}},"type":"if","locations":[{"start":{"line":6,"column":8},"end":{"line":8,"column":5}},{"start":{"line":6,"column":8},"end":{"line":8,"column":5}}],"line":6}},"s":{"0":1,"1":9,"2":4,"3":3,"4":2,"5":1,"6":8,"7":1},"f":{"0":9},"b":{"0":[4,5],"1":[3,1],"2":[2,1],"3":[1,1]},"_coverageSchema":"1a1c01bbd47fc00a2c39e90264f33305004495a9","hash":"d8a63da14cb5a829c1c08d0cee3a5325e48bafff"}
}
