TN:
SF:html\contact.js
FNF:0
FNH:0
LF:0
LH:0
BRF:0
BRH:0
end_of_record
TN:
SF:src\server.js
FN:36,(anonymous_0)
FN:41,initialiseTables
FN:42,(anonymous_2)
FN:45,(anonymous_3)
FN:54,(anonymous_4)
FN:63,(anonymous_5)
FN:66,(anonymous_6)
FN:72,(anonymous_7)
FN:79,(anonymous_8)
FN:89,(anonymous_9)
FN:100,(anonymous_10)
FN:110,(anonymous_11)
FN:119,(anonymous_12)
FN:129,(anonymous_13)
FN:138,(anonymous_14)
FNF:15
FNH:10
FNDA:0,(anonymous_0)
FNDA:1,initialiseTables
FNDA:1,(anonymous_2)
FNDA:0,(anonymous_3)
FNDA:0,(anonymous_4)
FNDA:1,(anonymous_5)
FNDA:0,(anonymous_6)
FNDA:0,(anonymous_7)
FNDA:1,(anonymous_8)
FNDA:2,(anonymous_9)
FNDA:1,(anonymous_10)
FNDA:2,(anonymous_11)
FNDA:1,(anonymous_12)
FNDA:2,(anonymous_13)
FNDA:1,(anonymous_14)
DA:2,1
DA:3,1
DA:4,1
DA:5,1
DA:7,1
DA:9,1
DA:16,1
DA:24,1
DA:25,1
DA:28,1
DA:29,1
DA:36,1
DA:37,0
DA:38,0
DA:42,1
DA:43,1
DA:44,0
DA:46,0
DA:47,0
DA:48,0
DA:49,0
DA:50,0
DA:51,0
DA:52,0
DA:55,0
DA:56,0
DA:57,0
DA:63,1
DA:64,1
DA:65,0
DA:67,0
DA:68,0
DA:69,0
DA:70,0
DA:73,0
DA:79,1
DA:80,1
DA:83,1
DA:84,1
DA:89,1
DA:91,2
DA:92,1
DA:95,1
DA:97,1
DA:101,1
DA:102,0
DA:104,1
DA:105,1
DA:110,1
DA:112,2
DA:113,1
DA:116,1
DA:120,1
DA:121,0
DA:123,1
DA:124,1
DA:129,1
DA:131,2
DA:132,1
DA:135,1
DA:139,1
DA:140,0
DA:142,1
DA:143,1
DA:148,1
DA:150,1
LF:66
LH:44
BRDA:13,0,0,0
BRDA:13,0,1,1
BRDA:43,1,0,0
BRDA:43,1,1,1
BRDA:64,2,0,0
BRDA:64,2,1,1
BRDA:91,3,0,1
BRDA:91,3,1,1
BRDA:91,4,0,2
BRDA:91,4,1,1
BRDA:91,4,2,1
BRDA:91,4,3,1
BRDA:91,4,4,1
BRDA:101,5,0,0
BRDA:101,5,1,1
BRDA:112,6,0,1
BRDA:112,6,1,1
BRDA:120,7,0,0
BRDA:120,7,1,1
BRDA:131,8,0,1
BRDA:131,8,1,1
BRDA:139,9,0,0
BRDA:139,9,1,1
BRF:23
BRH:17
end_of_record
TN:
SF:src\utils\helpers.js
FN:2,(anonymous_0)
FNF:1
FNH:1
FNDA:9,(anonymous_0)
DA:1,1
DA:3,9
DA:4,4
DA:5,3
DA:6,2
DA:7,1
DA:12,8
DA:16,1
LF:8
LH:8
BRDA:3,0,0,4
BRDA:3,0,1,5
BRDA:4,1,0,3
BRDA:4,1,1,1
BRDA:5,2,0,2
BRDA:5,2,1,1
BRDA:6,3,0,1
BRDA:6,3,1,1
BRF:8
BRH:8
end_of_record
